<?xml version="1.0" encoding="UTF-8"?>
<!-- Generated by org.testng.reporters.JUnitReportReporter -->
<testsuite skipped="0" hostname="INPF0YTWR2" name="UGregresssionpack.regtest4" tests="2" failures="0" timestamp="08 May 2019 11:53:32 GMT" time="571.103" errors="0">
  <testcase name="checkpatientfieldsettings" time="416.426" classname="UGregresssionpack.regtest4"/>
  <testcase name="checkpatientfieldsettingsfortemppatinet" time="154.677" classname="UGregresssionpack.regtest4"/>
</testsuite> <!-- UGregresssionpack.regtest4 -->
