<?xml version="1.0" encoding="UTF-8"?>
<!-- Generated by org.testng.reporters.JUnitReportReporter -->
<testsuite skipped="9" hostname="DXCINDAI685191" name="AllUgsmoketest.Smoketest5" tests="10" failures="0" timestamp="18 Apr 2019 06:04:50 GMT" time="0.031" errors="1">
  <testcase name="setup" time="0.031" classname="AllUgsmoketest.Smoketest5">
    <error type="java.lang.NullPointerException">
      <![CDATA[java.lang.NullPointerException
at AllUgsmoketest.Smoketest5.setup(Smoketest5.java:56)
at sun.reflect.NativeMethodAccessorImpl.invoke0(Native Method)
at sun.reflect.NativeMethodAccessorImpl.invoke(Unknown Source)
at sun.reflect.DelegatingMethodAccessorImpl.invoke(Unknown Source)
at java.lang.reflect.Method.invoke(Unknown Source)
at org.testng.internal.MethodInvocationHelper.invokeMethod(MethodInvocationHelper.java:124)
at org.testng.internal.MethodInvocationHelper.invokeMethodConsideringTimeout(MethodInvocationHelper.java:59)
at org.testng.internal.Invoker.invokeConfigurationMethod(Invoker.java:458)
at org.testng.internal.Invoker.invokeConfigurations(Invoker.java:222)
at org.testng.internal.Invoker.invokeConfigurations(Invoker.java:142)
at org.testng.SuiteRunner.privateRun(SuiteRunner.java:401)
at org.testng.SuiteRunner.run(SuiteRunner.java:364)
at org.testng.SuiteRunnerWorker.runSuite(SuiteRunnerWorker.java:52)
at org.testng.SuiteRunnerWorker.run(SuiteRunnerWorker.java:84)
at org.testng.TestNG.runSuitesSequentially(TestNG.java:1208)
at org.testng.TestNG.runSuitesLocally(TestNG.java:1137)
at org.testng.TestNG.runSuites(TestNG.java:1049)
at org.testng.TestNG.run(TestNG.java:1017)
at org.testng.remote.AbstractRemoteTestNG.run(AbstractRemoteTestNG.java:115)
at org.testng.remote.RemoteTestNG.initAndRun(RemoteTestNG.java:251)
at org.testng.remote.RemoteTestNG.main(RemoteTestNG.java:77)
]]>
    </error>
  </testcase> <!-- setup -->
  <testcase name="clickondepartmentalsetupGeneraloption" time="0.000" classname="AllUgsmoketest.Smoketest5">
    <skipped/>
  </testcase> <!-- clickondepartmentalsetupGeneraloption -->
  <testcase name="SavealldetailsinGeneral" time="0.000" classname="AllUgsmoketest.Smoketest5">
    <skipped/>
  </testcase> <!-- SavealldetailsinGeneral -->
  <testcase name="clickonPrivilegedUsersoption" time="0.000" classname="AllUgsmoketest.Smoketest5">
    <skipped/>
  </testcase> <!-- clickonPrivilegedUsersoption -->
  <testcase name="SelectdepartmentforPriviligeuserandclickonsearchicon" time="0.000" classname="AllUgsmoketest.Smoketest5">
    <skipped/>
  </testcase> <!-- SelectdepartmentforPriviligeuserandclickonsearchicon -->
  <testcase name="selectuserandmakethemprivilgeduserandsave" time="0.000" classname="AllUgsmoketest.Smoketest5">
    <skipped/>
  </testcase> <!-- selectuserandmakethemprivilgeduserandsave -->
  <testcase name="clickonDepartmentalsetupaccessrightoption" time="0.000" classname="AllUgsmoketest.Smoketest5">
    <skipped/>
  </testcase> <!-- clickonDepartmentalsetupaccessrightoption -->
  <testcase name="clickonchangealloption" time="0.000" classname="AllUgsmoketest.Smoketest5">
    <skipped/>
  </testcase> <!-- clickonchangealloption -->
  <testcase name="clickontheProgramoption" time="0.000" classname="AllUgsmoketest.Smoketest5">
    <skipped/>
  </testcase> <!-- clickontheProgramoption -->
  <testcase name="ActivatetheProgramCreatedoCentralevel" time="0.000" classname="AllUgsmoketest.Smoketest5">
    <skipped/>
  </testcase> <!-- ActivatetheProgramCreatedoCentralevel -->
</testsuite> <!-- AllUgsmoketest.Smoketest5 -->
