<?xml version="1.0" encoding="UTF-8"?>
<!-- Generated by org.testng.reporters.JUnitReportReporter -->
<testsuite skipped="0" hostname="INPF0YTWR2" name="AllUgsmoketest.Smoketest1" tests="4" failures="0" timestamp="25 Apr 2019 11:02:50 GMT" time="147.841" errors="0">
  <testcase name="testloginuser" time="35.408" classname="AllUgsmoketest.Smoketest1"/>
  <testcase name="ClickonCentralSetupandlogoutfunc" time="13.852" classname="AllUgsmoketest.Smoketest1"/>
  <testcase name="ClickonDepartmentalsetupandlogout" time="28.001" classname="AllUgsmoketest.Smoketest1"/>
  <testcase name="Clickonschedule" time="70.580" classname="AllUgsmoketest.Smoketest1"/>
</testsuite> <!-- AllUgsmoketest.Smoketest1 -->
