<?xml version="1.0" encoding="UTF-8"?>
<!-- Generated by org.testng.reporters.JUnitReportReporter -->
<testsuite skipped="0" hostname="INPF0YTWR2" name="UGregresssionpack.regtest4" tests="2" failures="0" timestamp="24 Apr 2019 13:51:14 GMT" time="577.347" errors="0">
  <testcase name="checkpatientfieldsettings" time="423.200" classname="UGregresssionpack.regtest4"/>
  <testcase name="checkpatientfieldsettingsfortemppatinet" time="154.147" classname="UGregresssionpack.regtest4"/>
</testsuite> <!-- UGregresssionpack.regtest4 -->
