<?xml version="1.0" encoding="UTF-8"?>
<!-- Generated by org.testng.reporters.JUnitReportReporter -->
<testsuite skipped="0" hostname="INPF0YTWR2" name="UGregresssionpack.regtest9" tests="5" failures="0" timestamp="03 Jul 2019 07:09:27 GMT" time="182.856" errors="0">
  <testcase name="createnewsite" time="84.241" classname="UGregresssionpack.regtest9"/>
  <testcase name="createnewloc" time="19.623" classname="UGregresssionpack.regtest9"/>
  <testcase name="deletingnewsite" time="14.665" classname="UGregresssionpack.regtest9"/>
  <testcase name="changethesiteoflocationanddeleteit" time="10.907" classname="UGregresssionpack.regtest9"/>
  <testcase name="deletesiteandrecreatewithsameparameters" time="53.420" classname="UGregresssionpack.regtest9"/>
</testsuite> <!-- UGregresssionpack.regtest9 -->
