<?xml version="1.0" encoding="UTF-8"?>
<!-- Generated by org.testng.reporters.JUnitReportReporter -->
<testsuite skipped="0" hostname="INPF0YTWR2" name="AllUgsmoketest.Smoketest7" tests="13" failures="0" timestamp="22 Apr 2019 10:58:35 GMT" time="216.837" errors="0">
  <testcase name="GotoSchedulesetupandselectschedule" time="42.897" classname="AllUgsmoketest.Smoketest7"/>
  <testcase name="clickonGeneraloptionandsaveallvalues" time="39.895" classname="AllUgsmoketest.Smoketest7"/>
  <testcase name="ClickontheAccessRightsoptionSchedulesetup" time="5.319" classname="AllUgsmoketest.Smoketest7"/>
  <testcase name="ClickontheAppointmnettype" time="5.196" classname="AllUgsmoketest.Smoketest7"/>
  <testcase name="Deactivatingappointmentschedulesetup" time="12.850" classname="AllUgsmoketest.Smoketest7"/>
  <testcase name="ActivatingAppointmmnettypeschedulesetup" time="20.579" classname="AllUgsmoketest.Smoketest7"/>
  <testcase name="clickonthAppointmenttypeperprogramandactivateappointmnetforprogram" time="10.550" classname="AllUgsmoketest.Smoketest7"/>
  <testcase name="clickontheAppointmenttypeforbookingandactivateappointment" time="3.247" classname="AllUgsmoketest.Smoketest7"/>
  <testcase name="bookingentriessmakeuseprivandnonpriv" time="12.526" classname="AllUgsmoketest.Smoketest7"/>
  <testcase name="clickontheAppointmenttypeforwaitinglistentries" time="3.238" classname="AllUgsmoketest.Smoketest7"/>
  <testcase name="waitinglistmakeuseprivandnonpriv" time="8.505" classname="AllUgsmoketest.Smoketest7"/>
  <testcase name="clickonTemplatesoption" time="5.220" classname="AllUgsmoketest.Smoketest7"/>
  <testcase name="clickonnewbuttoncreatesessionandaddprogram" time="46.815" classname="AllUgsmoketest.Smoketest7"/>
</testsuite> <!-- AllUgsmoketest.Smoketest7 -->
