<?xml version="1.0" encoding="UTF-8"?>
<!-- Generated by org.testng.reporters.JUnitReportReporter -->
<testsuite skipped="0" hostname="INPF0YTWR2" name="AllUgsmoketest.Smoketest3" tests="3" failures="0" timestamp="25 Apr 2019 11:40:28 GMT" time="130.386" errors="0">
  <testcase name="ClickonDefinitionTableandClickonProgram" time="56.419" classname="AllUgsmoketest.Smoketest3"/>
  <testcase name="CreateNewProgramandUpdateProgram" time="41.262" classname="AllUgsmoketest.Smoketest3"/>
  <testcase name="CreateNewAppointmenttypeandUpdateAppointmenttype" time="32.705" classname="AllUgsmoketest.Smoketest3"/>
</testsuite> <!-- AllUgsmoketest.Smoketest3 -->
