<?xml version="1.0" encoding="UTF-8"?>
<!-- Generated by org.testng.reporters.JUnitReportReporter -->
<testsuite skipped="0" hostname="INPF0YTWR2" name="AllUgsmoketest.Smoketest2" tests="11" failures="1" timestamp="25 Apr 2019 11:02:50 GMT" time="281.596" errors="0">
  <testcase name="ClickonSyssettingoptions" time="33.466" classname="AllUgsmoketest.Smoketest2"/>
  <testcase name="EditaSyssettingvalues" time="117.570" classname="AllUgsmoketest.Smoketest2"/>
  <testcase name="ClickandEditPatientFields" time="18.107" classname="AllUgsmoketest.Smoketest2"/>
  <testcase name="ClickonPatientLinkandEditValues" time="11.961" classname="AllUgsmoketest.Smoketest2"/>
  <testcase name="ClickonPatientMedicalAlertsandEditValues" time="9.438" classname="AllUgsmoketest.Smoketest2"/>
  <testcase name="ClickonPatientAdminalertsandEditvalues" time="15.117" classname="AllUgsmoketest.Smoketest2"/>
  <testcase name="ClickonAppointmentlink1andEditvalues" time="14.949" classname="AllUgsmoketest.Smoketest2"/>
  <testcase name="ClickonAppointmentlink2andEditvalues" time="17.028" classname="AllUgsmoketest.Smoketest2"/>
  <testcase name="ClickonFunctionHL7eventandEditvalues" time="10.813" classname="AllUgsmoketest.Smoketest2"/>
  <testcase name="ActivationHl7eventandeditvalues" time="18.565" classname="AllUgsmoketest.Smoketest2"/>
  <testcase name="ReportsettingsSarchingcreatingupdatingreport" time="14.582" classname="AllUgsmoketest.Smoketest2">
    <failure type="java.lang.AssertionError" message="null">
      <![CDATA[java.lang.AssertionError: null
at org.testng.Assert.fail(Assert.java:96)
at org.testng.Assert.fail(Assert.java:103)
at AllUgsmoketest.Smoketest2.ReportsettingsSarchingcreatingupdatingreport(Smoketest2.java:947)
at sun.reflect.NativeMethodAccessorImpl.invoke0(Native Method)
at sun.reflect.NativeMethodAccessorImpl.invoke(Unknown Source)
at sun.reflect.DelegatingMethodAccessorImpl.invoke(Unknown Source)
at java.lang.reflect.Method.invoke(Unknown Source)
at org.testng.internal.MethodInvocationHelper.invokeMethod(MethodInvocationHelper.java:124)
at org.testng.internal.Invoker.invokeMethod(Invoker.java:583)
at org.testng.internal.Invoker.invokeTestMethod(Invoker.java:719)
at org.testng.internal.Invoker.invokeTestMethods(Invoker.java:989)
at org.testng.internal.TestMethodWorker.invokeTestMethods(TestMethodWorker.java:125)
at org.testng.internal.TestMethodWorker.run(TestMethodWorker.java:109)
at org.testng.TestRunner.privateRun(TestRunner.java:648)
at org.testng.TestRunner.run(TestRunner.java:505)
at org.testng.SuiteRunner.runTest(SuiteRunner.java:455)
at org.testng.SuiteRunner.runSequentially(SuiteRunner.java:450)
at org.testng.SuiteRunner.privateRun(SuiteRunner.java:415)
at org.testng.SuiteRunner.run(SuiteRunner.java:364)
at org.testng.SuiteRunnerWorker.runSuite(SuiteRunnerWorker.java:52)
at org.testng.SuiteRunnerWorker.run(SuiteRunnerWorker.java:84)
at org.testng.TestNG.runSuitesSequentially(TestNG.java:1208)
at org.testng.TestNG.runSuitesLocally(TestNG.java:1137)
at org.testng.TestNG.runSuites(TestNG.java:1049)
at org.testng.TestNG.run(TestNG.java:1017)
at org.testng.remote.AbstractRemoteTestNG.run(AbstractRemoteTestNG.java:115)
at org.testng.remote.RemoteTestNG.initAndRun(RemoteTestNG.java:251)
at org.testng.remote.RemoteTestNG.main(RemoteTestNG.java:77)
]]>
    </failure>
  </testcase> <!-- ReportsettingsSarchingcreatingupdatingreport -->
</testsuite> <!-- AllUgsmoketest.Smoketest2 -->
