<?xml version="1.0" encoding="UTF-8"?>
<!-- Generated by org.testng.reporters.JUnitReportReporter -->
<testsuite skipped="0" hostname="DXCINDAI685191" name="AllUgsmoketest.Smoketest3" tests="3" failures="0" timestamp="09 Apr 2019 13:35:14 GMT" time="99.454" errors="0">
  <testcase name="ClickonDefinitionTableandClickonProgram" time="33.808" classname="AllUgsmoketest.Smoketest3"/>
  <testcase name="CreateNewProgramandUpdateProgram" time="35.597" classname="AllUgsmoketest.Smoketest3"/>
  <testcase name="CreateNewAppointmenttypeandUpdateAppointmenttype" time="30.049" classname="AllUgsmoketest.Smoketest3"/>
</testsuite> <!-- AllUgsmoketest.Smoketest3 -->
