<?xml version="1.0" encoding="UTF-8"?>
<!-- Generated by org.testng.reporters.JUnitReportReporter -->
<testsuite skipped="0" hostname="INPF0YTWR2" name="UGregresssionpack.regtest5" tests="5" failures="0" timestamp="07 May 2019 13:19:00 GMT" time="792.343" errors="0">
  <testcase name="clickonpatientlinkandfillurl" time="124.687" classname="UGregresssionpack.regtest5"/>
  <testcase name="clickonpatinetmedicalalertandfillurlsetaccessright" time="174.607" classname="UGregresssionpack.regtest5"/>
  <testcase name="clickonpatientadminalertandsetaccessright" time="175.641" classname="UGregresssionpack.regtest5"/>
  <testcase name="clickonAppointmnetlink1fillurlandclickonapntmntdatetime" time="156.046" classname="UGregresssionpack.regtest5"/>
  <testcase name="clickonappointmentlink2" time="161.362" classname="UGregresssionpack.regtest5"/>
</testsuite> <!-- UGregresssionpack.regtest5 -->
