<?xml version="1.0" encoding="UTF-8"?>
<!-- Generated by org.testng.reporters.JUnitReportReporter -->
<testsuite skipped="0" hostname="INPF0YTWR2" name="AllUgsmoketest.Smoketest3" tests="3" failures="0" timestamp="24 Apr 2019 10:30:15 GMT" time="108.830" errors="0">
  <testcase name="ClickonDefinitionTableandClickonProgram" time="43.398" classname="AllUgsmoketest.Smoketest3"/>
  <testcase name="CreateNewProgramandUpdateProgram" time="35.257" classname="AllUgsmoketest.Smoketest3"/>
  <testcase name="CreateNewAppointmenttypeandUpdateAppointmenttype" time="30.175" classname="AllUgsmoketest.Smoketest3"/>
</testsuite> <!-- AllUgsmoketest.Smoketest3 -->
