<?xml version="1.0" encoding="UTF-8"?>
<!-- Generated by org.testng.reporters.JUnitReportReporter -->
<testsuite skipped="0" hostname="INPF0YTWR2" name="UGregresssionpack.regtest7" tests="9" failures="0" timestamp="19 Jun 2019 07:16:52 GMT" time="225.892" errors="0">
  <testcase name="createnewprogram" time="54.249" classname="UGregresssionpack.regtest7"/>
  <testcase name="deletenewprogram" time="8.985" classname="UGregresssionpack.regtest7"/>
  <testcase name="creatingappointmnettype" time="13.145" classname="UGregresssionpack.regtest7"/>
  <testcase name="deleteappointmenttypeandcreatewithsamenameandabrev" time="53.973" classname="UGregresssionpack.regtest7"/>
  <testcase name="createappointmnettypewithsamenameandabrev" time="12.214" classname="UGregresssionpack.regtest7"/>
  <testcase name="createcontacttype" time="20.218" classname="UGregresssionpack.regtest7"/>
  <testcase name="createepisodetype" time="20.036" classname="UGregresssionpack.regtest7"/>
  <testcase name="createuniversalcode" time="21.448" classname="UGregresssionpack.regtest7"/>
  <testcase name="createordersetgroupoption" time="21.624" classname="UGregresssionpack.regtest7"/>
</testsuite> <!-- UGregresssionpack.regtest7 -->
